<?xml version="1.0" encoding="UTF-8"?>
<coverage generated="1682955795400" clover="3.2.0">
  <project timestamp="1682955795400" name="All files">
    <metrics statements="12" coveredstatements="7" conditionals="20" coveredconditionals="10" methods="4" coveredmethods="1" elements="36" coveredelements="18" complexity="0" loc="12" ncloc="12" packages="1" files="1" classes="1"/>
    <file name="YesNoQuestion.tsx" path="/Users/joe/dev/ui-modernization-demo/src/components/form/fields/YesNoQuestion/YesNoQuestion.tsx">
      <metrics statements="12" coveredstatements="7" conditionals="20" coveredconditionals="10" methods="4" coveredmethods="1"/>
      <line num="23" count="1" type="stmt"/>
      <line num="34" count="1" type="stmt"/>
      <line num="43" count="1" type="stmt"/>
      <line num="45" count="1" type="stmt"/>
      <line num="46" count="0" type="cond" truecount="0" falsecount="2"/>
      <line num="49" count="1" type="stmt"/>
      <line num="50" count="0" type="stmt"/>
      <line num="51" count="0" type="cond" truecount="0" falsecount="2"/>
      <line num="52" count="0" type="stmt"/>
      <line num="56" count="1" type="cond" truecount="2" falsecount="0"/>
      <line num="58" count="1" type="stmt"/>
      <line num="65" count="0" type="stmt"/>
    </file>
  </project>
</coverage>
