{"/Users/joe/dev/ui-modernization-demo/src/components/form/fields/YesNoQuestion/YesNoQuestion.tsx": {"path":"/Users/joe/dev/ui-modernization-demo/src/components/form/fields/YesNoQuestion/YesNoQuestion.tsx","statementMap":{"0":{"start":{"line":23,"column":29},"end":{"line":99,"column":1}},"1":{"start":{"line":34,"column":16},"end":{"line":34,"column":76}},"2":{"start":{"line":43,"column":6},"end":{"line":43,"column":29}},"3":{"start":{"line":45,"column":32},"end":{"line":47,"column":3}},"4":{"start":{"line":46,"column":4},"end":{"line":46,"column":53}},"5":{"start":{"line":49,"column":61},"end":{"line":54,"column":3}},"6":{"start":{"line":50,"column":4},"end":{"line":50,"column":59}},"7":{"start":{"line":51,"column":4},"end":{"line":53,"column":5}},"8":{"start":{"line":52,"column":6},"end":{"line":52,"column":17}},"9":{"start":{"line":56,"column":13},"end":{"line":56,"column":27}},"10":{"start":{"line":58,"column":2},"end":{"line":98,"column":3}},"11":{"start":{"line":65,"column":26},"end":{"line":65,"column":44}}},"fnMap":{"0":{"name":"(anonymous_0)","decl":{"start":{"line":23,"column":29},"end":{"line":23,"column":30}},"loc":{"start":{"line":33,"column":79},"end":{"line":99,"column":1}},"line":33},"1":{"name":"(anonymous_1)","decl":{"start":{"line":45,"column":32},"end":{"line":45,"column":33}},"loc":{"start":{"line":45,"column":72},"end":{"line":47,"column":3}},"line":45},"2":{"name":"(anonymous_2)","decl":{"start":{"line":49,"column":61},"end":{"line":49,"column":62}},"loc":{"start":{"line":49,"column":68},"end":{"line":54,"column":3}},"line":49},"3":{"name":"(anonymous_3)","decl":{"start":{"line":65,"column":19},"end":{"line":65,"column":20}},"loc":{"start":{"line":65,"column":26},"end":{"line":65,"column":44}},"line":65}},"branchMap":{"0":{"loc":{"start":{"line":46,"column":11},"end":{"line":46,"column":53}},"type":"cond-expr","locations":[{"start":{"line":46,"column":26},"end":{"line":46,"column":35}},{"start":{"line":46,"column":38},"end":{"line":46,"column":53}}],"line":46},"1":{"loc":{"start":{"line":51,"column":4},"end":{"line":53,"column":5}},"type":"if","locations":[{"start":{"line":51,"column":4},"end":{"line":53,"column":5}},{"start":{},"end":{}}],"line":51},"2":{"loc":{"start":{"line":56,"column":13},"end":{"line":56,"column":27}},"type":"binary-expr","locations":[{"start":{"line":56,"column":13},"end":{"line":56,"column":19}},{"start":{"line":56,"column":23},"end":{"line":56,"column":27}}],"line":56},"3":{"loc":{"start":{"line":67,"column":9},"end":{"line":71,"column":9}},"type":"binary-expr","locations":[{"start":{"line":67,"column":9},"end":{"line":67,"column":13}},{"start":{"line":68,"column":10},"end":{"line":70,"column":16}}],"line":67},"4":{"loc":{"start":{"line":68,"column":43},"end":{"line":68,"column":53}},"type":"binary-expr","locations":[{"start":{"line":68,"column":43},"end":{"line":68,"column":45}},{"start":{"line":68,"column":49},"end":{"line":68,"column":53}}],"line":68},"5":{"loc":{"start":{"line":72,"column":9},"end":{"line":72,"column":65}},"type":"binary-expr","locations":[{"start":{"line":72,"column":9},"end":{"line":72,"column":16}},{"start":{"line":72,"column":20},"end":{"line":72,"column":65}}],"line":72},"6":{"loc":{"start":{"line":77,"column":17},"end":{"line":77,"column":37}},"type":"binary-expr","locations":[{"start":{"line":77,"column":17},"end":{"line":77,"column":25}},{"start":{"line":77,"column":29},"end":{"line":77,"column":37}}],"line":77},"7":{"loc":{"start":{"line":80,"column":21},"end":{"line":80,"column":63}},"type":"cond-expr","locations":[{"start":{"line":80,"column":33},"end":{"line":80,"column":47}},{"start":{"line":80,"column":50},"end":{"line":80,"column":63}}],"line":80},"8":{"loc":{"start":{"line":89,"column":17},"end":{"line":89,"column":35}},"type":"binary-expr","locations":[{"start":{"line":89,"column":17},"end":{"line":89,"column":24}},{"start":{"line":89,"column":28},"end":{"line":89,"column":35}}],"line":89},"9":{"loc":{"start":{"line":92,"column":21},"end":{"line":92,"column":63}},"type":"cond-expr","locations":[{"start":{"line":92,"column":33},"end":{"line":92,"column":47}},{"start":{"line":92,"column":50},"end":{"line":92,"column":63}}],"line":92}},"s":{"0":1,"1":1,"2":1,"3":1,"4":0,"5":1,"6":0,"7":0,"8":0,"9":1,"10":1,"11":0},"f":{"0":1,"1":0,"2":0,"3":0},"b":{"0":[0,0],"1":[0,0],"2":[1,1],"3":[1,0],"4":[0,0],"5":[1,0],"6":[1,1],"7":[0,1],"8":[1,1],"9":[0,1]},"_coverageSchema":"1a1c01bbd47fc00a2c39e90264f33305004495a9","hash":"b73a768996736a25d5afdfef5e806501d53c4a3c"}
}
