TN:
SF:src/components/form/fields/YesNoQuestion/YesNoQuestion.tsx
FN:23,(anonymous_0)
FN:45,(anonymous_1)
FN:49,(anonymous_2)
FN:65,(anonymous_3)
FNF:4
FNH:1
FNDA:1,(anonymous_0)
FNDA:0,(anonymous_1)
FNDA:0,(anonymous_2)
FNDA:0,(anonymous_3)
DA:23,1
DA:34,1
DA:43,1
DA:45,1
DA:46,0
DA:49,1
DA:50,0
DA:51,0
DA:52,0
DA:56,1
DA:58,1
DA:65,0
LF:12
LH:7
BRDA:46,0,0,0
BRDA:46,0,1,0
BRDA:51,1,0,0
BRDA:51,1,1,0
BRDA:56,2,0,1
BRDA:56,2,1,1
BRDA:67,3,0,1
BRDA:67,3,1,0
BRDA:68,4,0,0
BRDA:68,4,1,0
BRDA:72,5,0,1
BRDA:72,5,1,0
BRDA:77,6,0,1
BRDA:77,6,1,1
BRDA:80,7,0,0
BRDA:80,7,1,1
BRDA:89,8,0,1
BRDA:89,8,1,1
BRDA:92,9,0,0
BRDA:92,9,1,1
BRF:20
BRH:10
end_of_record
